compile - Compile classpath for source set 'main'.
+--- org.springframework.security:spring-security-core:3.1.0.RELEASE
|    +--- aopalliance:aopalliance:1.0
|    +--- org.springframework:spring-expression:3.0.6.RELEASE
|    |    \--- org.springframework:spring-core:3.0.6.RELEASE
|    |         +--- org.springframework:spring-asm:3.0.6.RELEASE
|    |         \--- commons-logging:commons-logging:1.1.1
|    +--- org.springframework:spring-aop:3.0.6.RELEASE
|    |    +--- aopalliance:aopalliance:1.0
|    |    +--- org.springframework:spring-asm:3.0.6.RELEASE
|    |    +--- org.springframework:spring-beans:3.0.6.RELEASE
|    |    |    \--- org.springframework:spring-core:3.0.6.RELEASE (*)
|    |    \--- org.springframework:spring-core:3.0.6.RELEASE (*)
|    +--- org.springframework:spring-context:3.0.6.RELEASE
|    |    +--- org.springframework:spring-aop:3.0.6.RELEASE (*)
|    |    +--- org.springframework:spring-beans:3.0.6.RELEASE (*)
|    |    +--- org.springframework:spring-core:3.0.6.RELEASE (*)
|    |    +--- org.springframework:spring-expression:3.0.6.RELEASE (*)
|    |    \--- org.springframework:spring-asm:3.0.6.RELEASE
|    +--- org.springframework:spring-beans:3.0.6.RELEASE (*)
|    +--- org.springframework:spring-core:3.0.6.RELEASE (*)
|    \--- org.springframework.security:spring-security-crypto:3.1.0.RELEASE
|         \--- org.springframework:spring-core:3.0.6.RELEASE (*)
\--- com.google.code.guice:guice:1.0
